{
  "stats": {
    "suites": 1,
    "tests": 2,
    "passes": 2,
    "pending": 0,
    "failures": 0,
    "start": "2020-11-21T17:46:50.760Z",
    "end": "2020-11-21T17:47:20.932Z",
    "duration": 30172,
    "testsRegistered": 2,
    "passPercent": 100,
    "pendingPercent": 0,
    "other": 0,
    "hasOther": false,
    "skipped": 0,
    "hasSkipped": false
  },
  "results": [
    {
      "uuid": "99bdba6b-7cc4-42ec-8b1c-d9099d9412eb",
      "title": "",
      "fullFile": "cypress\\integration\\examples\\BDD\\ecommerce.feature",
      "file": "cypress\\integration\\examples\\BDD\\ecommerce.feature",
      "beforeHooks": [],
      "afterHooks": [],
      "tests": [],
      "suites": [
        {
          "uuid": "5d034a03-7272-4414-88cb-06a379dcb4c5",
          "title": "End to end Ecommerce validation",
          "fullFile": "",
          "file": "",
          "beforeHooks": [],
          "afterHooks": [],
          "tests": [
            {
              "title": "Ecommerce products delivery",
              "fullTitle": "End to end Ecommerce validation Ecommerce products delivery",
              "timedOut": null,
              "duration": 16220,
              "state": "passed",
              "speed": "slow",
              "pass": true,
              "fail": false,
              "pending": false,
              "context": null,
              "code": "const state = window.testState;\nreturn cy\n  .then(() => state.onStartScenario(scenario, indexedSteps))\n  .then(() =>\n    resolveAndRunBeforeHooks.call(this, scenario.tags, state.feature.name)\n  )\n  .then(() =>\n    indexedSteps.forEach(step =>\n      stepTest.call(this, state, step, rowData)\n    )\n  )\n  .then(() =>\n    resolveAndRunAfterHooks.call(this, scenario.tags, state.feature.name)\n  )\n  .then(() => state.onFinishScenario(scenario));",
              "err": {},
              "uuid": "82a16132-1a06-4d19-9c62-7dcaa4616179",
              "parentUUID": "5d034a03-7272-4414-88cb-06a379dcb4c5",
              "isHook": false,
              "skipped": false
            },
            {
              "title": "Filling the form to shop",
              "fullTitle": "End to end Ecommerce validation Filling the form to shop",
              "timedOut": null,
              "duration": 3297,
              "state": "passed",
              "speed": "slow",
              "pass": true,
              "fail": false,
              "pending": false,
              "context": null,
              "code": "const state = window.testState;\nreturn cy\n  .then(() => state.onStartScenario(scenario, indexedSteps))\n  .then(() =>\n    resolveAndRunBeforeHooks.call(this, scenario.tags, state.feature.name)\n  )\n  .then(() =>\n    indexedSteps.forEach(step =>\n      stepTest.call(this, state, step, rowData)\n    )\n  )\n  .then(() =>\n    resolveAndRunAfterHooks.call(this, scenario.tags, state.feature.name)\n  )\n  .then(() => state.onFinishScenario(scenario));",
              "err": {},
              "uuid": "fcedd7fb-5d0b-4159-bb2f-abd7c708ac32",
              "parentUUID": "5d034a03-7272-4414-88cb-06a379dcb4c5",
              "isHook": false,
              "skipped": false
            }
          ],
          "suites": [],
          "passes": [
            "82a16132-1a06-4d19-9c62-7dcaa4616179",
            "fcedd7fb-5d0b-4159-bb2f-abd7c708ac32"
          ],
          "failures": [],
          "pending": [],
          "skipped": [],
          "duration": 19517,
          "root": false,
          "rootEmpty": false,
          "_timeout": 2000
        }
      ],
      "passes": [],
      "failures": [],
      "pending": [],
      "skipped": [],
      "duration": 0,
      "root": true,
      "rootEmpty": true,
      "_timeout": 2000
    }
  ],
  "meta": {
    "mocha": {
      "version": "7.0.1"
    },
    "mochawesome": {
      "options": {
        "quiet": false,
        "reportFilename": "mochawesome",
        "saveHtml": true,
        "saveJson": true,
        "useInlineDiffs": false
      },
      "version": "4.0.1"
    },
    "marge": {
      "options": null,
      "version": "4.0.1"
    }
  }
}